[backblue.gif]
[fade.gif]
[index.html]
[live.envalab.com/html/zooks/theme/zoo/images/favicon.ico]
[live.envalab.com/html/zooks/theme/zoo/js/vendor/modernizr-2.8.3.min.js]
[live.envalab.com/html/zooks/theme/zoo/images/logo.png]
[live.envalab.com/html/zooks/theme/zoo/images/services/1.jpg]
[live.envalab.com/html/zooks/theme/zoo/images/services/2.jpg]
[live.envalab.com/html/zooks/theme/zoo/images/services/3.jpg]
[live.envalab.com/html/zooks/theme/zoo/images/services/4.jpg]
[live.envalab.com/html/zooks/theme/zoo/images/camp/1.jpg]
[live.envalab.com/html/zooks/theme/zoo/images/camp/2.jpg]
[live.envalab.com/html/zooks/theme/zoo/images/camp/3.jpg]
[live.envalab.com/html/zooks/theme/zoo/images/camp/4.jpg]
[live.envalab.com/html/zooks/theme/zoo/images/camp/5.jpg]
[live.envalab.com/html/zooks/theme/zoo/images/camp/price.png]
[live.envalab.com/html/zooks/theme/zoo/images/camp/6.jpg]
[live.envalab.com/html/zooks/theme/zoo/images/camp/7.jpg]
[live.envalab.com/html/zooks/theme/zoo/images/footer/icon.png]
[live.envalab.com/html/zooks/theme/zoo/images/animal/1.png]
[live.envalab.com/html/zooks/theme/zoo/images/animal/2.png]
[live.envalab.com/html/zooks/theme/zoo/images/animal/3.png]
[live.envalab.com/html/zooks/theme/zoo/images/animal/4.png]
[live.envalab.com/html/zooks/theme/zoo/images/animal/5.png]
[live.envalab.com/html/zooks/theme/zoo/images/video/1.jpg]
[live.envalab.com/html/zooks/theme/zoo/images/video/2.jpg]
[live.envalab.com/html/zooks/theme/zoo/images/video/3.jpg]
[live.envalab.com/html/zooks/theme/zoo/images/video/4.jpg]
[live.envalab.com/html/zooks/theme/zoo/images/video/5.jpg]
[live.envalab.com/html/zooks/theme/zoo/images/video/6.jpg]
[live.envalab.com/html/zooks/theme/zoo/images/blog/1.png]
[live.envalab.com/html/zooks/theme/zoo/images/blog/2.png]
[live.envalab.com/html/zooks/theme/zoo/images/post/1.jpg]
[live.envalab.com/html/zooks/theme/zoo/images/post/2.jpg]
[live.envalab.com/html/zooks/theme/zoo/images/post/3.jpg]
[live.envalab.com/html/zooks/theme/zoo/images/post/4.jpg]
[live.envalab.com/html/zooks/theme/zoo/images/post/5.jpg]
[live.envalab.com/html/zooks/theme/zoo/images/footer/apps.png]
[live.envalab.com/html/zooks/theme/zoo/images/gellary/1.png]
[live.envalab.com/html/zooks/theme/zoo/images/gellary/2.png]
[live.envalab.com/html/zooks/theme/zoo/images/gellary/3.png]
[live.envalab.com/html/zooks/theme/zoo/images/gellary/4.png]
[live.envalab.com/html/zooks/theme/zoo/images/gellary/5.png]
[live.envalab.com/html/zooks/theme/zoo/images/gellary/6.png]
[live.envalab.com/html/zooks/theme/zoo/images/sponser/1.png]
[live.envalab.com/html/zooks/theme/zoo/images/sponser/1h.png]
[live.envalab.com/html/zooks/theme/zoo/images/sponser/2.png]
[live.envalab.com/html/zooks/theme/zoo/images/sponser/2h.png]
[live.envalab.com/html/zooks/theme/zoo/images/sponser/3.png]
[live.envalab.com/html/zooks/theme/zoo/images/sponser/3h.png]
[live.envalab.com/html/zooks/theme/zoo/images/sponser/4.png]
[live.envalab.com/html/zooks/theme/zoo/images/sponser/4h.png]
[live.envalab.com/html/zooks/theme/zoo/images/sponser/5.png]
[live.envalab.com/html/zooks/theme/zoo/images/sponser/5h.png]
[live.envalab.com/html/zooks/theme/zoo/images/sponser/6.png]
[live.envalab.com/html/zooks/theme/zoo/images/sponser/6h.png]
[live.envalab.com/html/zooks/theme/zoo/images/sponser/7.png]
[live.envalab.com/html/zooks/theme/zoo/images/sponser/7h.png]
[live.envalab.com/html/zooks/theme/zoo/images/sponser/8.png]
[live.envalab.com/html/zooks/theme/zoo/images/sponser/8h.png]
[live.envalab.com/html/zooks/theme/zoo/js/vendor/jquery-1.12.0.min.js]
[live.envalab.com/html/zooks/theme/zoo/js/bootstrap.min.js]
[live.envalab.com/html/zooks/theme/zoo/js/owl.carousel.min.js]
[live.envalab.com/html/zooks/theme/zoo/js/jquery.meanmenu.js]
[live.envalab.com/html/zooks/theme/zoo/js/jquery-ui.min.js]
[live.envalab.com/html/zooks/theme/zoo/js/wow.min.js]
[live.envalab.com/html/zooks/theme/zoo/js/jquery.magnific-popup.min.js]
[live.envalab.com/html/zooks/theme/zoo/js/plugins.js]
[live.envalab.com/html/zooks/theme/zoo/js/main.js]
[live.envalab.com/html/zooks/theme/zoo/index.html]
[live.envalab.com/html/zooks/theme/zoo/css/bootstrap.min.css]
[live.envalab.com/html/zooks/theme/zoo/fonts/Flaticon.eot]
[live.envalab.com/html/zooks/theme/zoo/fonts/Flaticond41d.eot]
[live.envalab.com/html/zooks/theme/zoo/fonts/Flaticon.woff]
[live.envalab.com/html/zooks/theme/zoo/fonts/Flaticon.ttf]
[live.envalab.com/html/zooks/theme/zoo/css/flaticon.css]
[live.envalab.com/html/zooks/theme/zoo/css/animate.css]
[live.envalab.com/html/zooks/theme/zoo/css/jquery-ui.min.css]
[live.envalab.com/html/zooks/theme/zoo/css/meanmenu.min.css]
[live.envalab.com/html/zooks/theme/zoo/css/owl.carousel.css]
[live.envalab.com/html/zooks/theme/zoo/css/magnific-popup.css]
[live.envalab.com/html/zooks/theme/zoo/fonts/fontawesome-webfont3295.eot]
[live.envalab.com/html/zooks/theme/zoo/fonts/fontawesome-webfontd41d.eot]
[live.envalab.com/html/zooks/theme/zoo/fonts/fontawesome-webfont3295.woff2]
[live.envalab.com/html/zooks/theme/zoo/fonts/fontawesome-webfont3295.woff]
[live.envalab.com/html/zooks/theme/zoo/fonts/fontawesome-webfont3295.ttf]
[live.envalab.com/html/zooks/theme/zoo/css/font-awesome.min.css]
[live.envalab.com/html/zooks/theme/zoo/images/btn.png]
[live.envalab.com/html/zooks/theme/zoo/images/slider/slider-btn.png]
[live.envalab.com/html/zooks/theme/zoo/images/slider/2.jpg]
[live.envalab.com/html/zooks/theme/zoo/images/services/overley.jpg]
[live.envalab.com/html/zooks/theme/zoo/images/services/btn.png]
[live.envalab.com/html/zooks/theme/zoo/images/plan/bg.png]
[live.envalab.com/html/zooks/theme/zoo/images/plan/hover.png]
[live.envalab.com/html/zooks/theme/zoo/images/camp/bg.jpg]
[live.envalab.com/html/zooks/theme/zoo/images/about/bg.png]
[live.envalab.com/html/zooks/theme/zoo/images/btm.png]
[live.envalab.com/html/zooks/theme/zoo/images/btn-hover.png]
[live.envalab.com/html/zooks/theme/zoo/images/video/bg.jpg]
[live.envalab.com/html/zooks/theme/zoo/images/save.png]
[live.envalab.com/html/zooks/theme/zoo/images/donate-bg.png]
[live.envalab.com/html/zooks/theme/zoo/images/blog/btn.png]
[live.envalab.com/html/zooks/theme/zoo/images/social/bg.png]
[live.envalab.com/html/zooks/theme/zoo/images/social/hover.png]
[live.envalab.com/html/zooks/theme/zoo/images/footer-top.jpg]
[live.envalab.com/html/zooks/theme/zoo/images/breadcumb.jpg]
[live.envalab.com/html/zooks/theme/zoo/images/breadcumb2.jpg]
[live.envalab.com/html/zooks/theme/zoo/images/breadcum3.jpg]
[live.envalab.com/html/zooks/theme/zoo/images/breadcumb3.jpg]
[live.envalab.com/html/zooks/theme/zoo/images/breadcumb4.jpg]
[live.envalab.com/html/zooks/theme/zoo/images/breadcumb5.jpg]
[live.envalab.com/html/zooks/theme/zoo/images/breadcumb6.jpg]
[live.envalab.com/html/zooks/theme/zoo/images/tiger.png]
[live.envalab.com/html/zooks/theme/zoo/images/add.png]
[live.envalab.com/html/zooks/theme/zoo/images/animal-bg.jpg]
[live.envalab.com/html/zooks/theme/zoo/images/add3.jpg]
[live.envalab.com/html/zooks/theme/zoo/images/btnarrow.png]
[live.envalab.com/html/zooks/theme/zoo/images/check.png]
[live.envalab.com/html/zooks/theme/zoo/images/c-btn.png]
[live.envalab.com/html/zooks/theme/zoo/style.css]
[live.envalab.com/html/zooks/theme/zoo/css/responsive.css]
[live.envalab.com/html/zooks/theme/zoo/images/element.png]
[live.envalab.com/html/zooks/theme/zoo/images/tik.png]
[live.envalab.com/html/zooks/theme/zoo/sponser.html]
[live.envalab.com/html/zooks/theme/zoo/images/man.png]
[live.envalab.com/html/zooks/theme/zoo/images/camp/11.jpg]
[live.envalab.com/html/zooks/theme/zoo/images/camp/12.jpg]
[live.envalab.com/html/zooks/theme/zoo/images/camp/13.jpg]
[live.envalab.com/html/zooks/theme/zoo/plan.html]
[live.envalab.com/html/zooks/theme/zoo/images/map/map-1.jpg]
[live.envalab.com/html/zooks/theme/zoo/images/map/1.png]
[live.envalab.com/html/zooks/theme/zoo/images/map/2.png]
[live.envalab.com/html/zooks/theme/zoo/images/map/3.png]
[live.envalab.com/html/zooks/theme/zoo/images/map/4.png]
[live.envalab.com/html/zooks/theme/zoo/images/map/5.png]
[live.envalab.com/html/zooks/theme/zoo/images/location.png]
[live.envalab.com/html/zooks/theme/zoo/know.html]
[live.envalab.com/html/zooks/theme/zoo/images/brid.png]
[live.envalab.com/html/zooks/theme/zoo/rules.html]
[live.envalab.com/html/zooks/theme/zoo/images/bird.png]
[live.envalab.com/html/zooks/theme/zoo/faq.html]
[live.envalab.com/html/zooks/theme/zoo/images/donate.png]
[live.envalab.com/html/zooks/theme/zoo/rate.html]
[live.envalab.com/html/zooks/theme/zoo/images/map/6.png]
[live.envalab.com/html/zooks/theme/zoo/images/map/7.png]
[live.envalab.com/html/zooks/theme/zoo/images/map/8.png]
[live.envalab.com/html/zooks/theme/zoo/contact.html]
[live.envalab.com/html/zooks/theme/zoo/images/camp/8.jpg]
[live.envalab.com/html/zooks/theme/zoo/images/camp/9.jpg]
[live.envalab.com/html/zooks/theme/zoo/images/camp/10.jpg]
[live.envalab.com/html/zooks/theme/zoo/images/bird1.png]
[live.envalab.com/html/zooks/theme/zoo/images/service.jpg]
[live.envalab.com/html/zooks/theme/zoo/images/services/1.png]
[live.envalab.com/html/zooks/theme/zoo/images/services/2.png]
[live.envalab.com/html/zooks/theme/zoo/images/services/3.png]
[live.envalab.com/html/zooks/theme/zoo/images/services/4.png]
[live.envalab.com/html/zooks/theme/zoo/images/services/5.png]
[live.envalab.com/html/zooks/theme/zoo/services.html]
[live.envalab.com/html/zooks/theme/zoo/single-animal.html]
[live.envalab.com/html/zooks/theme/zoo/images/single-animal.png]
[live.envalab.com/html/zooks/theme/zoo/images/app1.jpg]
[live.envalab.com/html/zooks/theme/zoo/images/badge.png]
[live.envalab.com/html/zooks/theme/zoo/images/app2.jpg]
[live.envalab.com/html/zooks/theme/zoo/single-details.html]
[live.envalab.com/html/zooks/theme/zoo/fonts/Flaticon.svg]
[live.envalab.com/html/zooks/theme/zoo/css/images/ui-bg_inset-hard_100_fcfdfd_1x100.html]
[live.envalab.com/html/zooks/theme/zoo/css/images/ui-bg_gloss-wave_55_5c9ccc_500x100.html]
[live.envalab.com/html/zooks/theme/zoo/css/images/ui-bg_glass_85_dfeffc_1x400.html]
[live.envalab.com/html/zooks/theme/zoo/css/images/ui-bg_glass_75_d0e5f5_1x400.html]
[live.envalab.com/html/zooks/theme/zoo/css/images/ui-bg_inset-hard_100_f5f8f9_1x100.html]
[live.envalab.com/html/zooks/theme/zoo/css/images/ui-bg_glass_95_fef1ec_1x400.html]
[live.envalab.com/html/zooks/theme/zoo/css/images/ui-icons_469bdd_256x240.html]
[live.envalab.com/html/zooks/theme/zoo/css/images/ui-icons_d8e7f3_256x240.html]
[live.envalab.com/html/zooks/theme/zoo/css/images/ui-icons_6da8d5_256x240.html]
[live.envalab.com/html/zooks/theme/zoo/css/images/ui-icons_217bc0_256x240.html]
[live.envalab.com/html/zooks/theme/zoo/css/images/ui-icons_f9bd01_256x240.html]
[live.envalab.com/html/zooks/theme/zoo/css/images/ui-icons_2e83ff_256x240.html]
[live.envalab.com/html/zooks/theme/zoo/css/images/ui-icons_cd0a0a_256x240.html]
[live.envalab.com/html/zooks/theme/zoo/css/grabbing.html]
[live.envalab.com/html/zooks/theme/zoo/css/AjaxLoader.html]
[live.envalab.com/html/zooks/theme/zoo/fonts/fontawesome-webfont3295.svg]
[live.envalab.com/html/zooks/theme/zoo/images/slider/1.jpg]
